2016-07-21 15:26:28,664 [Worker-9] INFO  o.e.m.c.i.p.ProjectConfigurationManager - Collecting project info '/pom.xml' D:\MyWorkspace\DeleteThis\concordion\automation\pom.xml
2016-07-21 15:26:36,665 [Worker-9] INFO  o.e.m.c.i.l.LifecycleMappingFactory - Using org.eclipse.m2e.jdt.JarLifecycleMapping lifecycle mapping for MavenProject: org.concordion:automation:0.0.1-SNAPSHOT @ D:\MyWorkspace\DeleteThis\concordion\automation\pom.xml.
2016-07-21 15:26:39,018 [Worker-9] INFO  o.e.m.j.i.AbstractJavaProjectConfigurator - Adding source folder /automation/src/main/java
2016-07-21 15:26:39,026 [Worker-9] INFO  o.e.m.j.i.AbstractJavaProjectConfigurator - Adding source folder /automation/src/test/java
2016-07-21 15:26:41,788 [Worker-9] INFO  o.e.m.c.i.p.ProjectConfigurationManager - Imported and configured 1 project(s) in 13 sec
2016-07-21 15:26:42,302 [Worker-11] INFO  o.e.m.c.i.embedder.EclipseLogger - Using 'UTF-8' encoding to copy filtered resources.
2016-07-21 15:26:42,303 [Worker-11] INFO  o.e.m.c.i.embedder.EclipseLogger - skip non existing resourceDirectory D:\MyWorkspace\DeleteThis\concordion\automation\src\main\resources
2016-07-21 15:26:42,305 [Worker-11] INFO  o.e.m.c.i.embedder.EclipseLogger - Using 'UTF-8' encoding to copy filtered resources.
2016-07-21 15:26:42,305 [Worker-11] INFO  o.e.m.c.i.embedder.EclipseLogger - skip non existing resourceDirectory D:\MyWorkspace\DeleteThis\concordion\automation\src\test\resources
2016-07-21 15:28:01,821 [Worker-12] INFO  o.e.m.c.i.l.LifecycleMappingFactory - Using org.eclipse.m2e.jdt.JarLifecycleMapping lifecycle mapping for MavenProject: org.concordion:automation:0.0.1-SNAPSHOT @ D:\MyWorkspace\DeleteThis\concordion\automation\pom.xml.
2016-07-21 15:28:04,782 [Worker-12] INFO  o.e.m.c.i.e.AbstractTransferListenerAdapter - Downloading https://repo.maven.apache.org/maven2/org/concordion/concordion/2.0.0/concordion-2.0.0.pom
2016-07-21 15:28:05,168 [Worker-12] INFO  o.e.m.c.i.e.AbstractTransferListenerAdapter - Downloaded https://repo.maven.apache.org/maven2/org/concordion/concordion/2.0.0/concordion-2.0.0.pom
2016-07-21 15:28:05,405 [Worker-12] INFO  o.e.m.c.i.e.AbstractTransferListenerAdapter - Downloading https://repo.maven.apache.org/maven2/junit/junit/4.12/junit-4.12.pom
2016-07-21 15:28:05,900 [Worker-12] INFO  o.e.m.c.i.e.AbstractTransferListenerAdapter - Downloaded https://repo.maven.apache.org/maven2/junit/junit/4.12/junit-4.12.pom
2016-07-21 15:28:06,824 [Worker-12] INFO  o.e.m.c.i.e.AbstractTransferListenerAdapter - Downloading https://repo.maven.apache.org/maven2/ognl/ognl/3.1/ognl-3.1.pom
2016-07-21 15:28:07,071 [Worker-12] INFO  o.e.m.c.i.e.AbstractTransferListenerAdapter - Downloaded https://repo.maven.apache.org/maven2/ognl/ognl/3.1/ognl-3.1.pom
2016-07-21 15:28:07,308 [Worker-12] INFO  o.e.m.c.i.e.AbstractTransferListenerAdapter - Downloading https://repo.maven.apache.org/maven2/javassist/javassist/3.11.0.GA/javassist-3.11.0.GA.pom
2016-07-21 15:28:07,547 [Worker-12] INFO  o.e.m.c.i.e.AbstractTransferListenerAdapter - Downloaded https://repo.maven.apache.org/maven2/javassist/javassist/3.11.0.GA/javassist-3.11.0.GA.pom
2016-07-21 15:28:07,779 [Worker-12] INFO  o.e.m.c.i.e.AbstractTransferListenerAdapter - Downloading https://repo.maven.apache.org/maven2/org/pegdown/pegdown/1.6.0/pegdown-1.6.0.pom
2016-07-21 15:28:08,030 [Worker-12] INFO  o.e.m.c.i.e.AbstractTransferListenerAdapter - Downloaded https://repo.maven.apache.org/maven2/org/pegdown/pegdown/1.6.0/pegdown-1.6.0.pom
2016-07-21 15:28:08,263 [Worker-12] INFO  o.e.m.c.i.e.AbstractTransferListenerAdapter - Downloading https://repo.maven.apache.org/maven2/org/parboiled/parboiled-java/1.1.7/parboiled-java-1.1.7.pom
2016-07-21 15:28:08,516 [Worker-12] INFO  o.e.m.c.i.e.AbstractTransferListenerAdapter - Downloaded https://repo.maven.apache.org/maven2/org/parboiled/parboiled-java/1.1.7/parboiled-java-1.1.7.pom
2016-07-21 15:28:09,500 [Worker-12] INFO  o.e.m.c.i.e.AbstractTransferListenerAdapter - Downloading https://repo.maven.apache.org/maven2/org/parboiled/parboiled-core/1.1.7/parboiled-core-1.1.7.pom
2016-07-21 15:28:09,777 [Worker-12] INFO  o.e.m.c.i.e.AbstractTransferListenerAdapter - Downloaded https://repo.maven.apache.org/maven2/org/parboiled/parboiled-core/1.1.7/parboiled-core-1.1.7.pom
2016-07-21 15:28:10,015 [Worker-12] INFO  o.e.m.c.i.e.AbstractTransferListenerAdapter - Downloading https://repo.maven.apache.org/maven2/org/ow2/asm/asm/5.0.3/asm-5.0.3.pom
2016-07-21 15:28:10,256 [Worker-12] INFO  o.e.m.c.i.e.AbstractTransferListenerAdapter - Downloaded https://repo.maven.apache.org/maven2/org/ow2/asm/asm/5.0.3/asm-5.0.3.pom
2016-07-21 15:28:10,512 [Worker-12] INFO  o.e.m.c.i.e.AbstractTransferListenerAdapter - Downloading https://repo.maven.apache.org/maven2/org/ow2/asm/asm-parent/5.0.3/asm-parent-5.0.3.pom
2016-07-21 15:28:10,753 [Worker-12] INFO  o.e.m.c.i.e.AbstractTransferListenerAdapter - Downloaded https://repo.maven.apache.org/maven2/org/ow2/asm/asm-parent/5.0.3/asm-parent-5.0.3.pom
2016-07-21 15:28:10,987 [Worker-12] INFO  o.e.m.c.i.e.AbstractTransferListenerAdapter - Downloading https://repo.maven.apache.org/maven2/org/ow2/ow2/1.3/ow2-1.3.pom
2016-07-21 15:28:11,259 [Worker-12] INFO  o.e.m.c.i.e.AbstractTransferListenerAdapter - Downloaded https://repo.maven.apache.org/maven2/org/ow2/ow2/1.3/ow2-1.3.pom
2016-07-21 15:28:11,494 [Worker-12] INFO  o.e.m.c.i.e.AbstractTransferListenerAdapter - Downloading https://repo.maven.apache.org/maven2/org/ow2/asm/asm-tree/5.0.3/asm-tree-5.0.3.pom
2016-07-21 15:28:11,752 [Worker-12] INFO  o.e.m.c.i.e.AbstractTransferListenerAdapter - Downloaded https://repo.maven.apache.org/maven2/org/ow2/asm/asm-tree/5.0.3/asm-tree-5.0.3.pom
2016-07-21 15:28:11,990 [Worker-12] INFO  o.e.m.c.i.e.AbstractTransferListenerAdapter - Downloading https://repo.maven.apache.org/maven2/org/ow2/asm/asm-analysis/5.0.3/asm-analysis-5.0.3.pom
2016-07-21 15:28:12,232 [Worker-12] INFO  o.e.m.c.i.e.AbstractTransferListenerAdapter - Downloaded https://repo.maven.apache.org/maven2/org/ow2/asm/asm-analysis/5.0.3/asm-analysis-5.0.3.pom
2016-07-21 15:28:12,468 [Worker-12] INFO  o.e.m.c.i.e.AbstractTransferListenerAdapter - Downloading https://repo.maven.apache.org/maven2/org/ow2/asm/asm-util/5.0.3/asm-util-5.0.3.pom
2016-07-21 15:28:12,710 [Worker-12] INFO  o.e.m.c.i.e.AbstractTransferListenerAdapter - Downloaded https://repo.maven.apache.org/maven2/org/ow2/asm/asm-util/5.0.3/asm-util-5.0.3.pom
2016-07-21 15:28:13,021 [Worker-12] INFO  o.e.m.c.i.e.AbstractTransferListenerAdapter - Downloading https://repo.maven.apache.org/maven2/xom/xom/1.2.5/xom-1.2.5.pom
2016-07-21 15:28:13,286 [Worker-12] INFO  o.e.m.c.i.e.AbstractTransferListenerAdapter - Downloaded https://repo.maven.apache.org/maven2/xom/xom/1.2.5/xom-1.2.5.pom
2016-07-21 15:28:13,652 [Worker-12] INFO  o.e.m.c.i.e.AbstractTransferListenerAdapter - Downloading https://repo.maven.apache.org/maven2/org/concordion/concordion/2.0.0/concordion-2.0.0.jar
2016-07-21 15:28:15,724 [Worker-12] INFO  o.e.m.c.i.e.AbstractTransferListenerAdapter - Downloaded https://repo.maven.apache.org/maven2/org/concordion/concordion/2.0.0/concordion-2.0.0.jar
2016-07-21 15:28:16,078 [Worker-12] INFO  o.e.m.c.i.e.AbstractTransferListenerAdapter - Downloading https://repo.maven.apache.org/maven2/ognl/ognl/3.1/ognl-3.1.jar
2016-07-21 15:28:17,668 [Worker-12] INFO  o.e.m.c.i.e.AbstractTransferListenerAdapter - Downloaded https://repo.maven.apache.org/maven2/ognl/ognl/3.1/ognl-3.1.jar
2016-07-21 15:28:17,897 [Worker-12] INFO  o.e.m.c.i.e.AbstractTransferListenerAdapter - Downloading https://repo.maven.apache.org/maven2/javassist/javassist/3.11.0.GA/javassist-3.11.0.GA.jar
2016-07-21 15:28:21,433 [Worker-12] INFO  o.e.m.c.i.e.AbstractTransferListenerAdapter - Downloaded https://repo.maven.apache.org/maven2/javassist/javassist/3.11.0.GA/javassist-3.11.0.GA.jar
2016-07-21 15:28:21,657 [Worker-12] INFO  o.e.m.c.i.e.AbstractTransferListenerAdapter - Downloading https://repo.maven.apache.org/maven2/org/pegdown/pegdown/1.6.0/pegdown-1.6.0.jar
2016-07-21 15:28:22,119 [Worker-12] INFO  o.e.m.c.i.e.AbstractTransferListenerAdapter - Downloaded https://repo.maven.apache.org/maven2/org/pegdown/pegdown/1.6.0/pegdown-1.6.0.jar
2016-07-21 15:28:22,342 [Worker-12] INFO  o.e.m.c.i.e.AbstractTransferListenerAdapter - Downloading https://repo.maven.apache.org/maven2/org/parboiled/parboiled-java/1.1.7/parboiled-java-1.1.7.jar
2016-07-21 15:28:22,805 [Worker-12] INFO  o.e.m.c.i.e.AbstractTransferListenerAdapter - Downloaded https://repo.maven.apache.org/maven2/org/parboiled/parboiled-java/1.1.7/parboiled-java-1.1.7.jar
2016-07-21 15:28:23,028 [Worker-12] INFO  o.e.m.c.i.e.AbstractTransferListenerAdapter - Downloading https://repo.maven.apache.org/maven2/org/parboiled/parboiled-core/1.1.7/parboiled-core-1.1.7.jar
2016-07-21 15:28:23,981 [Worker-12] INFO  o.e.m.c.i.e.AbstractTransferListenerAdapter - Downloaded https://repo.maven.apache.org/maven2/org/parboiled/parboiled-core/1.1.7/parboiled-core-1.1.7.jar
2016-07-21 15:28:24,203 [Worker-12] INFO  o.e.m.c.i.e.AbstractTransferListenerAdapter - Downloading https://repo.maven.apache.org/maven2/org/ow2/asm/asm/5.0.3/asm-5.0.3.jar
2016-07-21 15:28:24,449 [Worker-12] INFO  o.e.m.c.i.e.AbstractTransferListenerAdapter - Downloaded https://repo.maven.apache.org/maven2/org/ow2/asm/asm/5.0.3/asm-5.0.3.jar
2016-07-21 15:28:24,673 [Worker-12] INFO  o.e.m.c.i.e.AbstractTransferListenerAdapter - Downloading https://repo.maven.apache.org/maven2/org/ow2/asm/asm-tree/5.0.3/asm-tree-5.0.3.jar
2016-07-21 15:28:24,918 [Worker-12] INFO  o.e.m.c.i.e.AbstractTransferListenerAdapter - Downloaded https://repo.maven.apache.org/maven2/org/ow2/asm/asm-tree/5.0.3/asm-tree-5.0.3.jar
2016-07-21 15:28:25,141 [Worker-12] INFO  o.e.m.c.i.e.AbstractTransferListenerAdapter - Downloading https://repo.maven.apache.org/maven2/org/ow2/asm/asm-analysis/5.0.3/asm-analysis-5.0.3.jar
2016-07-21 15:28:25,383 [Worker-12] INFO  o.e.m.c.i.e.AbstractTransferListenerAdapter - Downloaded https://repo.maven.apache.org/maven2/org/ow2/asm/asm-analysis/5.0.3/asm-analysis-5.0.3.jar
2016-07-21 15:28:25,605 [Worker-12] INFO  o.e.m.c.i.e.AbstractTransferListenerAdapter - Downloading https://repo.maven.apache.org/maven2/org/ow2/asm/asm-util/5.0.3/asm-util-5.0.3.jar
2016-07-21 15:28:25,845 [Worker-12] INFO  o.e.m.c.i.e.AbstractTransferListenerAdapter - Downloaded https://repo.maven.apache.org/maven2/org/ow2/asm/asm-util/5.0.3/asm-util-5.0.3.jar
2016-07-21 15:28:26,068 [Worker-12] INFO  o.e.m.c.i.e.AbstractTransferListenerAdapter - Downloading https://repo.maven.apache.org/maven2/xom/xom/1.2.5/xom-1.2.5.jar
2016-07-21 15:28:27,951 [Worker-12] INFO  o.e.m.c.i.e.AbstractTransferListenerAdapter - Downloaded https://repo.maven.apache.org/maven2/xom/xom/1.2.5/xom-1.2.5.jar
2016-07-21 15:28:31,142 [Worker-12] INFO  o.e.m.c.i.embedder.EclipseLogger - Using 'UTF-8' encoding to copy filtered resources.
2016-07-21 15:28:31,143 [Worker-12] INFO  o.e.m.c.i.embedder.EclipseLogger - skip non existing resourceDirectory D:\MyWorkspace\DeleteThis\concordion\automation\src\main\resources
2016-07-21 15:28:31,144 [Worker-12] INFO  o.e.m.c.i.embedder.EclipseLogger - Using 'UTF-8' encoding to copy filtered resources.
2016-07-21 15:28:31,145 [Worker-12] INFO  o.e.m.c.i.embedder.EclipseLogger - skip non existing resourceDirectory D:\MyWorkspace\DeleteThis\concordion\automation\src\test\resources
2016-07-21 15:28:33,178 [Worker-15] INFO  o.e.m.c.i.embedder.EclipseLogger - Using 'UTF-8' encoding to copy filtered resources.
2016-07-21 15:28:33,179 [Worker-15] INFO  o.e.m.c.i.embedder.EclipseLogger - skip non existing resourceDirectory D:\MyWorkspace\DeleteThis\concordion\automation\src\main\resources
2016-07-21 15:28:33,180 [Worker-15] INFO  o.e.m.c.i.embedder.EclipseLogger - Using 'UTF-8' encoding to copy filtered resources.
2016-07-21 15:28:33,180 [Worker-15] INFO  o.e.m.c.i.embedder.EclipseLogger - skip non existing resourceDirectory D:\MyWorkspace\DeleteThis\concordion\automation\src\test\resources
2016-07-21 15:28:54,728 [Worker-12] INFO  o.e.m.c.i.embedder.EclipseLogger - Using 'UTF-8' encoding to copy filtered resources.
2016-07-21 15:28:54,729 [Worker-12] INFO  o.e.m.c.i.embedder.EclipseLogger - skip non existing resourceDirectory D:\MyWorkspace\DeleteThis\concordion\automation\src\main\resources
2016-07-21 15:28:54,730 [Worker-12] INFO  o.e.m.c.i.embedder.EclipseLogger - Using 'UTF-8' encoding to copy filtered resources.
2016-07-21 15:28:54,730 [Worker-12] INFO  o.e.m.c.i.embedder.EclipseLogger - skip non existing resourceDirectory D:\MyWorkspace\DeleteThis\concordion\automation\src\test\resources
2016-07-21 15:28:56,454 [Worker-12] INFO  o.e.m.c.i.embedder.EclipseLogger - Using 'UTF-8' encoding to copy filtered resources.
2016-07-21 15:28:56,454 [Worker-12] INFO  o.e.m.c.i.embedder.EclipseLogger - skip non existing resourceDirectory D:\MyWorkspace\DeleteThis\concordion\automation\src\main\resources
2016-07-21 15:28:56,456 [Worker-12] INFO  o.e.m.c.i.embedder.EclipseLogger - Using 'UTF-8' encoding to copy filtered resources.
2016-07-21 15:28:56,456 [Worker-12] INFO  o.e.m.c.i.embedder.EclipseLogger - skip non existing resourceDirectory D:\MyWorkspace\DeleteThis\concordion\automation\src\test\resources
2016-07-21 15:29:23,293 [Worker-14] INFO  o.e.m.c.i.embedder.EclipseLogger - Using 'UTF-8' encoding to copy filtered resources.
2016-07-21 15:29:23,294 [Worker-14] INFO  o.e.m.c.i.embedder.EclipseLogger - skip non existing resourceDirectory D:\MyWorkspace\DeleteThis\concordion\automation\src\main\resources
2016-07-21 15:29:23,295 [Worker-14] INFO  o.e.m.c.i.embedder.EclipseLogger - Using 'UTF-8' encoding to copy filtered resources.
2016-07-21 15:29:23,295 [Worker-14] INFO  o.e.m.c.i.embedder.EclipseLogger - skip non existing resourceDirectory D:\MyWorkspace\DeleteThis\concordion\automation\src\test\resources
2016-07-21 15:29:47,321 [Worker-18] INFO  o.e.m.c.i.embedder.EclipseLogger - Using 'UTF-8' encoding to copy filtered resources.
2016-07-21 15:29:47,321 [Worker-18] INFO  o.e.m.c.i.embedder.EclipseLogger - skip non existing resourceDirectory D:\MyWorkspace\DeleteThis\concordion\automation\src\main\resources
2016-07-21 15:29:47,322 [Worker-18] INFO  o.e.m.c.i.embedder.EclipseLogger - Using 'UTF-8' encoding to copy filtered resources.
2016-07-21 15:29:47,322 [Worker-18] INFO  o.e.m.c.i.embedder.EclipseLogger - skip non existing resourceDirectory D:\MyWorkspace\DeleteThis\concordion\automation\src\test\resources
2016-07-21 15:29:48,390 [Worker-18] INFO  o.e.m.c.i.embedder.EclipseLogger - Using 'UTF-8' encoding to copy filtered resources.
2016-07-21 15:29:48,391 [Worker-18] INFO  o.e.m.c.i.embedder.EclipseLogger - skip non existing resourceDirectory D:\MyWorkspace\DeleteThis\concordion\automation\src\main\resources
2016-07-21 15:29:48,392 [Worker-18] INFO  o.e.m.c.i.embedder.EclipseLogger - Using 'UTF-8' encoding to copy filtered resources.
2016-07-21 15:29:48,393 [Worker-18] INFO  o.e.m.c.i.embedder.EclipseLogger - skip non existing resourceDirectory D:\MyWorkspace\DeleteThis\concordion\automation\src\test\resources
2016-07-21 15:30:50,660 [Worker-22] INFO  o.e.m.c.i.l.LifecycleMappingFactory - Using org.eclipse.m2e.jdt.JarLifecycleMapping lifecycle mapping for MavenProject: org.concordion:automation:0.0.1-SNAPSHOT @ D:\MyWorkspace\DeleteThis\concordion\automation\pom.xml.
2016-07-21 15:30:51,971 [Worker-22] INFO  o.e.m.c.i.embedder.EclipseLogger - Using 'UTF-8' encoding to copy filtered resources.
2016-07-21 15:30:51,972 [Worker-22] INFO  o.e.m.c.i.embedder.EclipseLogger - skip non existing resourceDirectory D:\MyWorkspace\DeleteThis\concordion\automation\src\main\resources
2016-07-21 15:30:51,973 [Worker-22] INFO  o.e.m.c.i.embedder.EclipseLogger - Using 'UTF-8' encoding to copy filtered resources.
2016-07-21 15:30:51,974 [Worker-22] INFO  o.e.m.c.i.embedder.EclipseLogger - skip non existing resourceDirectory D:\MyWorkspace\DeleteThis\concordion\automation\src\test\resources
2016-07-21 15:30:54,115 [Worker-15] INFO  o.e.m.c.i.embedder.EclipseLogger - Using 'UTF-8' encoding to copy filtered resources.
2016-07-21 15:30:54,115 [Worker-15] INFO  o.e.m.c.i.embedder.EclipseLogger - skip non existing resourceDirectory D:\MyWorkspace\DeleteThis\concordion\automation\src\main\resources
2016-07-21 15:30:54,117 [Worker-15] INFO  o.e.m.c.i.embedder.EclipseLogger - Using 'UTF-8' encoding to copy filtered resources.
2016-07-21 15:30:54,117 [Worker-15] INFO  o.e.m.c.i.embedder.EclipseLogger - skip non existing resourceDirectory D:\MyWorkspace\DeleteThis\concordion\automation\src\test\resources
2016-07-21 15:30:57,029 [Worker-22] INFO  o.e.m.c.i.embedder.EclipseLogger - Using 'UTF-8' encoding to copy filtered resources.
2016-07-21 15:30:57,030 [Worker-22] INFO  o.e.m.c.i.embedder.EclipseLogger - skip non existing resourceDirectory D:\MyWorkspace\DeleteThis\concordion\automation\src\main\resources
2016-07-21 15:30:57,034 [Worker-22] INFO  o.e.m.c.i.embedder.EclipseLogger - Using 'UTF-8' encoding to copy filtered resources.
2016-07-21 15:30:57,034 [Worker-22] INFO  o.e.m.c.i.embedder.EclipseLogger - skip non existing resourceDirectory D:\MyWorkspace\DeleteThis\concordion\automation\src\test\resources
2016-07-21 15:36:06,305 [Worker-2] INFO  o.e.m.c.i.embedder.EclipseLogger - Using 'UTF-8' encoding to copy filtered resources.
2016-07-21 15:36:06,306 [Worker-2] INFO  o.e.m.c.i.embedder.EclipseLogger - skip non existing resourceDirectory D:\MyWorkspace\DeleteThis\concordion\automation\src\main\resources
2016-07-21 15:36:06,307 [Worker-2] INFO  o.e.m.c.i.embedder.EclipseLogger - Using 'UTF-8' encoding to copy filtered resources.
2016-07-21 15:36:06,307 [Worker-2] INFO  o.e.m.c.i.embedder.EclipseLogger - skip non existing resourceDirectory D:\MyWorkspace\DeleteThis\concordion\automation\src\test\resources
2016-07-21 15:41:32,747 [Worker-25] INFO  o.e.m.c.i.embedder.EclipseLogger - Using 'UTF-8' encoding to copy filtered resources.
2016-07-21 15:41:32,747 [Worker-25] INFO  o.e.m.c.i.embedder.EclipseLogger - skip non existing resourceDirectory D:\MyWorkspace\DeleteThis\concordion\automation\src\main\resources
2016-07-21 15:41:32,750 [Worker-25] INFO  o.e.m.c.i.embedder.EclipseLogger - Using 'UTF-8' encoding to copy filtered resources.
2016-07-21 15:41:32,750 [Worker-25] INFO  o.e.m.c.i.embedder.EclipseLogger - skip non existing resourceDirectory D:\MyWorkspace\DeleteThis\concordion\automation\src\test\resources
2016-07-21 15:42:02,249 [Worker-25] INFO  o.e.m.c.i.embedder.EclipseLogger - Using 'UTF-8' encoding to copy filtered resources.
2016-07-21 15:42:02,249 [Worker-25] INFO  o.e.m.c.i.embedder.EclipseLogger - skip non existing resourceDirectory D:\MyWorkspace\DeleteThis\concordion\automation\src\main\resources
2016-07-21 15:42:02,250 [Worker-25] INFO  o.e.m.c.i.embedder.EclipseLogger - Using 'UTF-8' encoding to copy filtered resources.
2016-07-21 15:42:02,250 [Worker-25] INFO  o.e.m.c.i.embedder.EclipseLogger - skip non existing resourceDirectory D:\MyWorkspace\DeleteThis\concordion\automation\src\test\resources
2016-07-21 16:11:32,820 [Worker-32] INFO  o.e.m.c.i.embedder.EclipseLogger - Using 'UTF-8' encoding to copy filtered resources.
2016-07-21 16:11:32,821 [Worker-32] INFO  o.e.m.c.i.embedder.EclipseLogger - skip non existing resourceDirectory D:\MyWorkspace\DeleteThis\concordion\automation\src\main\resources
2016-07-21 16:11:32,822 [Worker-32] INFO  o.e.m.c.i.embedder.EclipseLogger - Using 'UTF-8' encoding to copy filtered resources.
2016-07-21 16:11:32,822 [Worker-32] INFO  o.e.m.c.i.embedder.EclipseLogger - skip non existing resourceDirectory D:\MyWorkspace\DeleteThis\concordion\automation\src\test\resources
2016-07-21 16:13:54,857 [Worker-31] INFO  o.e.m.c.i.embedder.EclipseLogger - Using 'UTF-8' encoding to copy filtered resources.
2016-07-21 16:13:54,857 [Worker-31] INFO  o.e.m.c.i.embedder.EclipseLogger - skip non existing resourceDirectory D:\MyWorkspace\DeleteThis\concordion\automation\src\main\resources
2016-07-21 16:13:54,858 [Worker-31] INFO  o.e.m.c.i.embedder.EclipseLogger - Using 'UTF-8' encoding to copy filtered resources.
2016-07-21 16:13:54,858 [Worker-31] INFO  o.e.m.c.i.embedder.EclipseLogger - skip non existing resourceDirectory D:\MyWorkspace\DeleteThis\concordion\automation\src\test\resources
2016-07-21 16:13:59,238 [Worker-28] INFO  o.e.m.c.i.embedder.EclipseLogger - Using 'UTF-8' encoding to copy filtered resources.
2016-07-21 16:13:59,239 [Worker-28] INFO  o.e.m.c.i.embedder.EclipseLogger - skip non existing resourceDirectory D:\MyWorkspace\DeleteThis\concordion\automation\src\main\resources
2016-07-21 16:13:59,240 [Worker-28] INFO  o.e.m.c.i.embedder.EclipseLogger - Using 'UTF-8' encoding to copy filtered resources.
2016-07-21 16:13:59,240 [Worker-28] INFO  o.e.m.c.i.embedder.EclipseLogger - skip non existing resourceDirectory D:\MyWorkspace\DeleteThis\concordion\automation\src\test\resources
2016-07-21 16:14:44,197 [Worker-31] INFO  o.e.m.c.i.embedder.EclipseLogger - Using 'UTF-8' encoding to copy filtered resources.
2016-07-21 16:14:44,198 [Worker-31] INFO  o.e.m.c.i.embedder.EclipseLogger - skip non existing resourceDirectory D:\MyWorkspace\DeleteThis\concordion\automation\src\main\resources
2016-07-21 16:14:44,199 [Worker-31] INFO  o.e.m.c.i.embedder.EclipseLogger - Using 'UTF-8' encoding to copy filtered resources.
2016-07-21 16:14:44,199 [Worker-31] INFO  o.e.m.c.i.embedder.EclipseLogger - skip non existing resourceDirectory D:\MyWorkspace\DeleteThis\concordion\automation\src\test\resources
2016-07-21 16:15:19,665 [Worker-31] INFO  o.e.m.c.i.embedder.EclipseLogger - Using 'UTF-8' encoding to copy filtered resources.
2016-07-21 16:15:19,665 [Worker-31] INFO  o.e.m.c.i.embedder.EclipseLogger - skip non existing resourceDirectory D:\MyWorkspace\DeleteThis\concordion\automation\src\main\resources
2016-07-21 16:15:19,667 [Worker-31] INFO  o.e.m.c.i.embedder.EclipseLogger - Using 'UTF-8' encoding to copy filtered resources.
2016-07-21 16:15:19,667 [Worker-31] INFO  o.e.m.c.i.embedder.EclipseLogger - skip non existing resourceDirectory D:\MyWorkspace\DeleteThis\concordion\automation\src\test\resources
2016-07-21 16:15:55,896 [Worker-33] INFO  o.e.m.c.i.embedder.EclipseLogger - Using 'UTF-8' encoding to copy filtered resources.
2016-07-21 16:15:55,896 [Worker-33] INFO  o.e.m.c.i.embedder.EclipseLogger - skip non existing resourceDirectory D:\MyWorkspace\DeleteThis\concordion\automation\src\main\resources
2016-07-21 16:15:55,897 [Worker-33] INFO  o.e.m.c.i.embedder.EclipseLogger - Using 'UTF-8' encoding to copy filtered resources.
2016-07-21 16:15:55,897 [Worker-33] INFO  o.e.m.c.i.embedder.EclipseLogger - skip non existing resourceDirectory D:\MyWorkspace\DeleteThis\concordion\automation\src\test\resources
2016-07-21 16:17:06,951 [Worker-34] INFO  o.e.m.c.i.embedder.EclipseLogger - Using 'UTF-8' encoding to copy filtered resources.
2016-07-21 16:17:06,951 [Worker-34] INFO  o.e.m.c.i.embedder.EclipseLogger - skip non existing resourceDirectory D:\MyWorkspace\DeleteThis\concordion\automation\src\main\resources
2016-07-21 16:17:06,953 [Worker-34] INFO  o.e.m.c.i.embedder.EclipseLogger - Using 'UTF-8' encoding to copy filtered resources.
2016-07-21 16:17:06,953 [Worker-34] INFO  o.e.m.c.i.embedder.EclipseLogger - skip non existing resourceDirectory D:\MyWorkspace\DeleteThis\concordion\automation\src\test\resources
2016-07-21 16:19:44,633 [Worker-31] INFO  o.e.m.c.i.embedder.EclipseLogger - Using 'UTF-8' encoding to copy filtered resources.
2016-07-21 16:19:44,634 [Worker-31] INFO  o.e.m.c.i.embedder.EclipseLogger - skip non existing resourceDirectory D:\MyWorkspace\DeleteThis\concordion\automation\src\main\resources
2016-07-21 16:19:44,637 [Worker-31] INFO  o.e.m.c.i.embedder.EclipseLogger - Using 'UTF-8' encoding to copy filtered resources.
2016-07-21 16:19:44,637 [Worker-31] INFO  o.e.m.c.i.embedder.EclipseLogger - skip non existing resourceDirectory D:\MyWorkspace\DeleteThis\concordion\automation\src\test\resources
2016-07-21 16:21:13,321 [Worker-39] INFO  o.e.m.c.i.embedder.EclipseLogger - Using 'UTF-8' encoding to copy filtered resources.
2016-07-21 16:21:13,321 [Worker-39] INFO  o.e.m.c.i.embedder.EclipseLogger - skip non existing resourceDirectory D:\MyWorkspace\DeleteThis\concordion\automation\src\main\resources
2016-07-21 16:21:13,322 [Worker-39] INFO  o.e.m.c.i.embedder.EclipseLogger - Using 'UTF-8' encoding to copy filtered resources.
2016-07-21 16:21:13,322 [Worker-39] INFO  o.e.m.c.i.embedder.EclipseLogger - skip non existing resourceDirectory D:\MyWorkspace\DeleteThis\concordion\automation\src\test\resources
2016-07-21 16:24:07,996 [Worker-38] INFO  o.e.m.c.i.embedder.EclipseLogger - Using 'UTF-8' encoding to copy filtered resources.
2016-07-21 16:24:07,996 [Worker-38] INFO  o.e.m.c.i.embedder.EclipseLogger - skip non existing resourceDirectory D:\MyWorkspace\DeleteThis\concordion\automation\src\main\resources
2016-07-21 16:24:07,998 [Worker-38] INFO  o.e.m.c.i.embedder.EclipseLogger - Using 'UTF-8' encoding to copy filtered resources.
2016-07-21 16:24:07,998 [Worker-38] INFO  o.e.m.c.i.embedder.EclipseLogger - skip non existing resourceDirectory D:\MyWorkspace\DeleteThis\concordion\automation\src\test\resources
2016-07-21 16:24:18,650 [Worker-31] INFO  o.e.m.c.i.embedder.EclipseLogger - Using 'UTF-8' encoding to copy filtered resources.
2016-07-21 16:24:18,650 [Worker-31] INFO  o.e.m.c.i.embedder.EclipseLogger - skip non existing resourceDirectory D:\MyWorkspace\DeleteThis\concordion\automation\src\main\resources
2016-07-21 16:24:18,651 [Worker-31] INFO  o.e.m.c.i.embedder.EclipseLogger - Using 'UTF-8' encoding to copy filtered resources.
2016-07-21 16:24:18,652 [Worker-31] INFO  o.e.m.c.i.embedder.EclipseLogger - skip non existing resourceDirectory D:\MyWorkspace\DeleteThis\concordion\automation\src\test\resources
2016-07-21 16:24:59,759 [Worker-41] INFO  o.e.m.c.i.embedder.EclipseLogger - Using 'UTF-8' encoding to copy filtered resources.
2016-07-21 16:24:59,760 [Worker-41] INFO  o.e.m.c.i.embedder.EclipseLogger - skip non existing resourceDirectory D:\MyWorkspace\DeleteThis\concordion\automation\src\main\resources
2016-07-21 16:24:59,761 [Worker-41] INFO  o.e.m.c.i.embedder.EclipseLogger - Using 'UTF-8' encoding to copy filtered resources.
2016-07-21 16:24:59,761 [Worker-41] INFO  o.e.m.c.i.embedder.EclipseLogger - skip non existing resourceDirectory D:\MyWorkspace\DeleteThis\concordion\automation\src\test\resources
2016-07-21 16:25:35,259 [Worker-38] INFO  o.e.m.c.i.embedder.EclipseLogger - Using 'UTF-8' encoding to copy filtered resources.
2016-07-21 16:25:35,259 [Worker-38] INFO  o.e.m.c.i.embedder.EclipseLogger - skip non existing resourceDirectory D:\MyWorkspace\DeleteThis\concordion\automation\src\main\resources
2016-07-21 16:25:35,260 [Worker-38] INFO  o.e.m.c.i.embedder.EclipseLogger - Using 'UTF-8' encoding to copy filtered resources.
2016-07-21 16:25:35,260 [Worker-38] INFO  o.e.m.c.i.embedder.EclipseLogger - skip non existing resourceDirectory D:\MyWorkspace\DeleteThis\concordion\automation\src\test\resources
2016-07-21 16:26:08,304 [Worker-43] INFO  o.e.m.c.i.embedder.EclipseLogger - Using 'UTF-8' encoding to copy filtered resources.
2016-07-21 16:26:08,305 [Worker-43] INFO  o.e.m.c.i.embedder.EclipseLogger - skip non existing resourceDirectory D:\MyWorkspace\DeleteThis\concordion\automation\src\main\resources
2016-07-21 16:26:08,306 [Worker-43] INFO  o.e.m.c.i.embedder.EclipseLogger - Using 'UTF-8' encoding to copy filtered resources.
2016-07-21 16:26:08,306 [Worker-43] INFO  o.e.m.c.i.embedder.EclipseLogger - skip non existing resourceDirectory D:\MyWorkspace\DeleteThis\concordion\automation\src\test\resources
